
   INFO  Seeding database.  


   Illuminate\Database\QueryException 

  SQLSTATE[HY000]: General error: 1364 Field 'code' doesn't have a default value (Connection: mysql, SQL: insert into `zones` (`retribution_type_id`, `name`, `opd_id`, `retribution_classification_id`, `multiplier`, `amount`, `updated_at`, `created_at`) values (9, Pantai Kamali, 4, 1, 1, 0, 2026-01-31 08:38:58, 2026-01-31 08:38:58))

  at vendor/laravel/framework/src/Illuminate/Database/Connection.php:825
    821▕                     $this->getName(), $query, $this->prepareBindings($bindings), $e
    822▕                 );
    823▕             }
    824▕ 
  ➜ 825▕             throw new QueryException(
    826▕                 $this->getName(), $query, $this->prepareBindings($bindings), $e
    827▕             );
    828▕         }
    829▕     }

  1   vendor/laravel/framework/src/Illuminate/Database/MySqlConnection.php:53
      PDOException::("SQLSTATE[HY000]: General error: 1364 Field 'code' doesn't have a default value")

  2   vendor/laravel/framework/src/Illuminate/Database/MySqlConnection.php:53
      PDOStatement::execute()

  3   vendor/laravel/framework/src/Illuminate/Database/Connection.php:812
      Illuminate\Database\MySqlConnection::Illuminate\Database\{closure}("insert into `zones` (`retribution_type_id`, `name`, `opd_id`, `retribution_classification_id`, `multiplier`, `amount`, `updated_at`, `created_at`) values (?, ?, ?, ?, ?, ?, ?, ?)")

  4   vendor/laravel/framework/src/Illuminate/Database/Connection.php:779
      Illuminate\Database\Connection::runQueryCallback("insert into `zones` (`retribution_type_id`, `name`, `opd_id`, `retribution_classification_id`, `multiplier`, `amount`, `updated_at`, `created_at`) values (?, ?, ?, ?, ?, ?, ?, ?)", Object(Closure))

  5   vendor/laravel/framework/src/Illuminate/Database/MySqlConnection.php:42
      Illuminate\Database\Connection::run("insert into `zones` (`retribution_type_id`, `name`, `opd_id`, `retribution_classification_id`, `multiplier`, `amount`, `updated_at`, `created_at`) values (?, ?, ?, ?, ?, ?, ?, ?)", Object(Closure))

  6   vendor/laravel/framework/src/Illuminate/Database/Query/Processors/MySqlProcessor.php:35
      Illuminate\Database\MySqlConnection::insert("insert into `zones` (`retribution_type_id`, `name`, `opd_id`, `retribution_classification_id`, `multiplier`, `amount`, `updated_at`, `created_at`) values (?, ?, ?, ?, ?, ?, ?, ?)", "id")

  7   vendor/laravel/framework/src/Illuminate/Database/Query/Builder.php:3766
      Illuminate\Database\Query\Processors\MySqlProcessor::processInsertGetId(Object(Illuminate\Database\Query\Builder), "insert into `zones` (`retribution_type_id`, `name`, `opd_id`, `retribution_classification_id`, `multiplier`, `amount`, `updated_at`, `created_at`) values (?, ?, ?, ?, ?, ?, ?, ?)", "id")

  8   vendor/laravel/framework/src/Illuminate/Database/Eloquent/Builder.php:2120
      Illuminate\Database\Query\Builder::insertGetId("id")

  9   vendor/laravel/framework/src/Illuminate/Database/Eloquent/Model.php:1359
      Illuminate\Database\Eloquent\Builder::__call("insertGetId")

  10  vendor/laravel/framework/src/Illuminate/Database/Eloquent/Model.php:1324
      Illuminate\Database\Eloquent\Model::insertAndSetId(Object(Illuminate\Database\Eloquent\Builder))

  11  vendor/laravel/framework/src/Illuminate/Database/Eloquent/Model.php:1163
      Illuminate\Database\Eloquent\Model::performInsert(Object(Illuminate\Database\Eloquent\Builder))

  12  vendor/laravel/framework/src/Illuminate/Database/Eloquent/Builder.php:1128
      Illuminate\Database\Eloquent\Model::save()

  13  vendor/laravel/framework/src/Illuminate/Support/helpers.php:399
      Illuminate\Database\Eloquent\Builder::Illuminate\Database\Eloquent\{closure}(Object(App\Models\Zone))
  14  vendor/laravel/framework/src/Illuminate/Database/Eloquent/Builder.php:1127

  15  vendor/laravel/framework/src/Illuminate/Database/Eloquent/Builder.php:634
      Illuminate\Database\Eloquent\Builder::create()

  16  vendor/laravel/framework/src/Illuminate/Database/Eloquent/Builder.php:1864
      Illuminate\Database\Eloquent\Builder::Illuminate\Database\Eloquent\{closure}()

  17  vendor/laravel/framework/src/Illuminate/Database/Eloquent/Builder.php:634
      Illuminate\Database\Eloquent\Builder::withSavepointIfNeeded(Object(Closure))

  18  vendor/laravel/framework/src/Illuminate/Database/Eloquent/Builder.php:621
      Illuminate\Database\Eloquent\Builder::createOrFirst(["Pantai Kamali"], [])

  19  vendor/laravel/framework/src/Illuminate/Database/Eloquent/Builder.php:649
      Illuminate\Database\Eloquent\Builder::firstOrCreate(["Pantai Kamali"], [])

  20  vendor/laravel/framework/src/Illuminate/Support/Traits/ForwardsCalls.php:23
      Illuminate\Database\Eloquent\Builder::updateOrCreate(["Pantai Kamali"], [])

  21  vendor/laravel/framework/src/Illuminate/Database/Eloquent/Model.php:2372
      Illuminate\Database\Eloquent\Model::forwardCallTo(Object(Illuminate\Database\Eloquent\Builder), "updateOrCreate")

  22  vendor/laravel/framework/src/Illuminate/Database/Eloquent/Model.php:2384
      Illuminate\Database\Eloquent\Model::__call("updateOrCreate")

  23  database/seeders/BapendaMasterDataSeeder.php:97
      Illuminate\Database\Eloquent\Model::__callStatic("updateOrCreate")

  24  vendor/laravel/framework/src/Illuminate/Container/BoundMethod.php:36
      Database\Seeders\BapendaMasterDataSeeder::run()

  25  vendor/laravel/framework/src/Illuminate/Container/Util.php:43
      Illuminate\Container\BoundMethod::Illuminate\Container\{closure}()

  26  vendor/laravel/framework/src/Illuminate/Container/BoundMethod.php:95
      Illuminate\Container\Util::unwrapIfClosure(Object(Closure))

  27  vendor/laravel/framework/src/Illuminate/Container/BoundMethod.php:35
      Illuminate\Container\BoundMethod::callBoundMethod(Object(Illuminate\Foundation\Application), Object(Closure))

  28  vendor/laravel/framework/src/Illuminate/Container/Container.php:696
      Illuminate\Container\BoundMethod::call(Object(Illuminate\Foundation\Application), [])

  29  vendor/laravel/framework/src/Illuminate/Database/Seeder.php:188
      Illuminate\Container\Container::call([])

  30  vendor/laravel/framework/src/Illuminate/Database/Seeder.php:197
      Illuminate\Database\Seeder::Illuminate\Database\{closure}()

  31  vendor/laravel/framework/src/Illuminate/Database/Console/Seeds/SeedCommand.php:70
      Illuminate\Database\Seeder::__invoke()

  32  vendor/laravel/framework/src/Illuminate/Database/Eloquent/Concerns/GuardsAttributes.php:155
      Illuminate\Database\Console\Seeds\SeedCommand::Illuminate\Database\Console\Seeds\{closure}()

  33  vendor/laravel/framework/src/Illuminate/Database/Console/Seeds/SeedCommand.php:69
      Illuminate\Database\Eloquent\Model::unguarded(Object(Closure))

  34  vendor/laravel/framework/src/Illuminate/Container/BoundMethod.php:36
      Illuminate\Database\Console\Seeds\SeedCommand::handle()

  35  vendor/laravel/framework/src/Illuminate/Container/Util.php:43
      Illuminate\Container\BoundMethod::Illuminate\Container\{closure}()

  36  vendor/laravel/framework/src/Illuminate/Container/BoundMethod.php:95
      Illuminate\Container\Util::unwrapIfClosure(Object(Closure))

  37  vendor/laravel/framework/src/Illuminate/Container/BoundMethod.php:35
      Illuminate\Container\BoundMethod::callBoundMethod(Object(Illuminate\Foundation\Application), Object(Closure))

  38  vendor/laravel/framework/src/Illuminate/Container/Container.php:696
      Illuminate\Container\BoundMethod::call(Object(Illuminate\Foundation\Application), [])

  39  vendor/laravel/framework/src/Illuminate/Console/Command.php:213
      Illuminate\Container\Container::call()

  40  vendor/symfony/console/Command/Command.php:341
      Illuminate\Console\Command::execute(Object(Symfony\Component\Console\Input\ArgvInput), Object(Illuminate\Console\OutputStyle))

  41  vendor/laravel/framework/src/Illuminate/Console/Command.php:182
      Symfony\Component\Console\Command\Command::run(Object(Symfony\Component\Console\Input\ArgvInput), Object(Illuminate\Console\OutputStyle))

  42  vendor/symfony/console/Application.php:1102
      Illuminate\Console\Command::run(Object(Symfony\Component\Console\Input\ArgvInput), Object(Symfony\Component\Console\Output\ConsoleOutput))

  43  vendor/symfony/console/Application.php:356
      Symfony\Component\Console\Application::doRunCommand(Object(Illuminate\Database\Console\Seeds\SeedCommand), Object(Symfony\Component\Console\Input\ArgvInput), Object(Symfony\Component\Console\Output\ConsoleOutput))

  44  vendor/symfony/console/Application.php:195
      Symfony\Component\Console\Application::doRun(Object(Symfony\Component\Console\Input\ArgvInput), Object(Symfony\Component\Console\Output\ConsoleOutput))

  45  vendor/laravel/framework/src/Illuminate/Foundation/Console/Kernel.php:198
      Symfony\Component\Console\Application::run(Object(Symfony\Component\Console\Input\ArgvInput), Object(Symfony\Component\Console\Output\ConsoleOutput))

  46  vendor/laravel/framework/src/Illuminate/Foundation/Application.php:1235
      Illuminate\Foundation\Console\Kernel::handle(Object(Symfony\Component\Console\Input\ArgvInput), Object(Symfony\Component\Console\Output\ConsoleOutput))

  47  artisan:13
      Illuminate\Foundation\Application::handleCommand(Object(Symfony\Component\Console\Input\ArgvInput))

